<?xml version="1.0" encoding="UTF-8"?>
<testng-results ignored="0" total="2" passed="2" failed="0" skipped="0">
  <reporter-output>
  </reporter-output>
  <suite started-at="2023-06-11T15:08:53 IST" name="HelloTestNgSuite" finished-at="2023-06-11T15:09:05 IST" duration-ms="11307">
    <groups>
    </groups>
    <test started-at="2023-06-11T15:08:53 IST" name="HelloWorldTest" finished-at="2023-06-11T15:09:05 IST" duration-ms="11307">
      <class name="org.example.SeleniumDemo">
        <test-method is-config="true" signature="setUp()[pri:0, instance:org.example.SeleniumDemo@5ffead27]" started-at="2023-06-11T15:08:53 IST" name="setUp" finished-at="2023-06-11T15:09:00 IST" duration-ms="6431" status="PASS">
          <reporter-output>
          </reporter-output>
        </test-method> <!-- setUp -->
        <test-method signature="navigateToHomePage()[pri:1, instance:org.example.SeleniumDemo@5ffead27]" started-at="2023-06-11T15:09:00 IST" name="navigateToHomePage" finished-at="2023-06-11T15:09:03 IST" duration-ms="2987" status="PASS">
          <reporter-output>
          </reporter-output>
        </test-method> <!-- navigateToHomePage -->
        <test-method signature="getHomePageTitle()[pri:2, instance:org.example.SeleniumDemo@5ffead27]" started-at="2023-06-11T15:09:03 IST" name="getHomePageTitle" finished-at="2023-06-11T15:09:04 IST" duration-ms="1120" status="PASS">
          <reporter-output>
          </reporter-output>
        </test-method> <!-- getHomePageTitle -->
        <test-method is-config="true" signature="tearDown()[pri:0, instance:org.example.SeleniumDemo@5ffead27]" started-at="2023-06-11T15:09:04 IST" name="tearDown" finished-at="2023-06-11T15:09:05 IST" duration-ms="621" status="PASS">
          <reporter-output>
          </reporter-output>
        </test-method> <!-- tearDown -->
      </class> <!-- org.example.SeleniumDemo -->
    </test> <!-- HelloWorldTest -->
  </suite> <!-- HelloTestNgSuite -->
</testng-results>
